{
  "RSpec": {
    "coverage": {
      "/Users/edmundoperez/Projects/Michelada/acts-as-messageable/lib/acts-as-messageable.rb": [
        1,
        1,
        1,
        1,
        1,
        1,
        1,
        null,
        1,
        34,
        34,
        null,
        0,
        null,
        null,
        null,
        null,
        1
      ],
      "/Users/edmundoperez/Projects/Michelada/acts-as-messageable/lib/acts-as-messageable/railtie.rb": [
        1,
        1,
        null,
        1,
        1,
        1,
        1,
        null,
        null,
        1,
        1,
        null,
        null,
        null
      ],
      "/Users/edmundoperez/Projects/Michelada/acts-as-messageable/lib/acts-as-messageable/model.rb": [
        1,
        1,
        null,
        1,
        1,
        null,
        null,
        1,
        1,
        null,
        null,
        null,
        null,
        null,
        null,
        1,
        60,
        null,
        null,
        null,
        null,
        null,
        null,
        60,
        null,
        60,
        null,
        null,
        null,
        60,
        null,
        null,
        null,
        null,
        60,
        60,
        null,
        60,
        60,
        60,
        null,
        0,
        0,
        null,
        null,
        60,
        60,
        60,
        null,
        60,
        null,
        null,
        null,
        null,
        1,
        84,
        null,
        null,
        null,
        null,
        1,
        null,
        1,
        42,
        42,
        null,
        42,
        null,
        null,
        null,
        1,
        17,
        17,
        17,
        null,
        17,
        null,
        null,
        null,
        1,
        10,
        10,
        10,
        null,
        10,
        null,
        null,
        null,
        1,
        5,
        null,
        null,
        null,
        null,
        null,
        null,
        null,
        null,
        1,
        86,
        null,
        86,
        null,
        73,
        142,
        null,
        null,
        13,
        null,
        null,
        86,
        86,
        86,
        86,
        null,
        86,
        null,
        null,
        null,
        null,
        null,
        null,
        null,
        null,
        null,
        1,
        2,
        null,
        null,
        null,
        null,
        null,
        null,
        null,
        null,
        1,
        25,
        null,
        25,
        24,
        24,
        24,
        null,
        24,
        null,
        null,
        null,
        null,
        1,
        8,
        null,
        8,
        null,
        5,
        null,
        2,
        null,
        1,
        null,
        null,
        7,
        null,
        null,
        null,
        1,
        3,
        null,
        3,
        null,
        2,
        null,
        0,
        null,
        1,
        null,
        null,
        2,
        null,
        null,
        null,
        null
      ],
      "/Users/edmundoperez/Projects/Michelada/acts-as-messageable/lib/acts-as-messageable/relation.rb": [
        1,
        1,
        1,
        null,
        1,
        9,
        9,
        9,
        9,
        null,
        null,
        null,
        1,
        7,
        null,
        null,
        null
      ],
      "/Users/edmundoperez/Projects/Michelada/acts-as-messageable/spec/support/admin.rb": [
        1,
        1,
        null
      ],
      "/Users/edmundoperez/Projects/Michelada/acts-as-messageable/lib/acts-as-messageable/message.rb": [
        1,
        null,
        1,
        1,
        1,
        null,
        1,
        1,
        null,
        1,
        1,
        null,
        1,
        null,
        1,
        0,
        null,
        null,
        1,
        0,
        null,
        1,
        1,
        null,
        1,
        0,
        null,
        1,
        1,
        null,
        1,
        1,
        null,
        1,
        7,
        null,
        null,
        1,
        7,
        null,
        null,
        1,
        2,
        null,
        null,
        1,
        0,
        null,
        null,
        1,
        0,
        null,
        null,
        1,
        0,
        null,
        null,
        1,
        5,
        null,
        null,
        null
      ],
      "/Users/edmundoperez/Projects/Michelada/acts-as-messageable/lib/acts-as-messageable/scopes.rb": [
        1,
        null,
        1,
        1,
        1,
        null,
        1,
        7,
        null,
        null,
        1,
        1,
        85,
        72,
        68,
        109,
        null,
        null,
        null,
        null,
        null,
        null,
        null,
        null,
        null,
        null,
        null,
        null,
        null,
        null,
        69,
        70,
        67,
        null,
        null,
        null,
        null
      ],
      "/Users/edmundoperez/Projects/Michelada/acts-as-messageable/lib/acts-as-messageable/rails4.rb": [
        1,
        1,
        1,
        34,
        null,
        null,
        1,
        0,
        0,
        null,
        null,
        null,
        1,
        260,
        null,
        null,
        1,
        27,
        null,
        null,
        1,
        253,
        null,
        null,
        null
      ],
      "/Users/edmundoperez/Projects/Michelada/acts-as-messageable/spec/support/send_message.rb": [
        1,
        45,
        null
      ],
      "/Users/edmundoperez/Projects/Michelada/acts-as-messageable/spec/support/user.rb": [
        1,
        1,
        null,
        null,
        1,
        null
      ],
      "/Users/edmundoperez/Projects/Michelada/acts-as-messageable/spec/custom-class_spec.rb": [
        1,
        null,
        1,
        1,
        null,
        null,
        1,
        6,
        6,
        null,
        1,
        5,
        5,
        null,
        null,
        6,
        null,
        1,
        1,
        null,
        null,
        1,
        1,
        null,
        null,
        1,
        1,
        null,
        null,
        1,
        1,
        null,
        null,
        1,
        1,
        1,
        1,
        null,
        null,
        null
      ],
      "/Users/edmundoperez/Projects/Michelada/acts-as-messageable/spec/custom-required_spec.rb": [
        1,
        null,
        1,
        1,
        null,
        12,
        6,
        null,
        null,
        1,
        1,
        1,
        null,
        null,
        1,
        1,
        1,
        null,
        null,
        1,
        1,
        4,
        null,
        null,
        1,
        1,
        1,
        1,
        null,
        null,
        1,
        1,
        1,
        null,
        null,
        1,
        1,
        1,
        1,
        1,
        1,
        null,
        null,
        1,
        1,
        1,
        1,
        null,
        null,
        null
      ],
      "/Users/edmundoperez/Projects/Michelada/acts-as-messageable/spec/group-messages_spec.rb": [
        1,
        null,
        1,
        3,
        3,
        3,
        null,
        1,
        2,
        2,
        null,
        null,
        1,
        1,
        1,
        1,
        1,
        null,
        null,
        1,
        1,
        1,
        1,
        1,
        null,
        null,
        null,
        null
      ]
    },
    "timestamp": 1470153208
  }
}
